<?xml version="1.0" encoding="UTF-8"?>
<!-- Generated by org.testng.reporters.JUnitXMLReporter -->
<testsuite ignored="0" hostname="LAPTOP-292AC5SC" failures="1" tests="5" name="Test" time="71.185" errors="0" timestamp="2023-03-07T20:59:51 IST">
  <testcase classname="Project1.Sel" name="search" time="5.406"/>
  <testcase classname="Project1.Sel" name="search" time="8.069"/>
  <testcase classname="Project1.Sel" name="search" time="5.133">
    <skipped/>
  </testcase> <!-- search -->
  <testcase classname="Project1.Sel" name="search" time="12.294">
    <skipped/>
  </testcase> <!-- search -->
  <testcase classname="Project1.Sel" name="search" time="5.065">
    <failure type="java.lang.AssertionError" message="expected [true] but found [false]">
      <![CDATA[java.lang.AssertionError: expected [true] but found [false]
at Project1.Sel.search(Sel.java:65)
at java.base/java.util.ArrayList.forEach(ArrayList.java:1511)
... Removed 33 stack frames]]>
    </failure>
  </testcase> <!-- search -->
</testsuite> <!-- Test -->
