<?xml version="1.0" encoding="UTF-8"?>
<!-- Generated by org.testng.reporters.JUnitXMLReporter -->
<testsuite ignored="0" hostname="LAPTOP-292AC5SC" failures="1" tests="5" name="Test" time="56.104" errors="0" timestamp="2023-03-08T17:05:53 IST">
  <testcase classname="Project1.Sel" name="search" time="4.006"/>
  <testcase classname="Project1.Sel" name="search" time="3.577"/>
  <testcase classname="Project1.Sel" name="search" time="8.465">
    <skipped/>
  </testcase> <!-- search -->
  <testcase classname="Project1.Sel" name="search" time="4.412">
    <skipped/>
  </testcase> <!-- search -->
  <testcase classname="Project1.Sel" name="search" time="4.44">
    <failure type="java.lang.AssertionError" message="expected [true] but found [false]">
      <![CDATA[java.lang.AssertionError: expected [true] but found [false]
at Project1.Sel.search(Sel.java:65)
at java.base/java.util.ArrayList.forEach(ArrayList.java:1511)
... Removed 37 stack frames]]>
    </failure>
  </testcase> <!-- search -->
</testsuite> <!-- Test -->
