<?xml version="1.0" encoding="UTF-8"?>
<testng-results ignored="0" total="1" passed="1" failed="0" skipped="0">
  <reporter-output>
  </reporter-output>
  <suite started-at="2023-03-05T18:31:51 IST" name="Suite" finished-at="2023-03-05T18:31:56 IST" duration-ms="4897">
    <groups>
    </groups>
    <test started-at="2023-03-05T18:31:51 IST" name="Test" finished-at="2023-03-05T18:31:56 IST" duration-ms="4897">
      <class name="Project1.Sel">
        <test-method signature="ber()[pri:0, instance:Project1.Sel@484970b0]" started-at="2023-03-05T18:31:51 IST" name="ber" finished-at="2023-03-05T18:31:56 IST" duration-ms="4856" status="PASS">
          <reporter-output>
          </reporter-output>
        </test-method> <!-- ber -->
      </class> <!-- Project1.Sel -->
    </test> <!-- Test -->
  </suite> <!-- Suite -->
</testng-results>
